Z:\DESKTOP\DEV\TRAINNING-CHINA\PLATER\CLIENT\PLATE-CLIENT\PLATE-CLIENT\DEBUG\FILETOOLS.OBJ
Z:\DESKTOP\DEV\TRAINNING-CHINA\PLATER\CLIENT\PLATE-CLIENT\PLATE-CLIENT\DEBUG\TOOLS.OBJ
Z:\DESKTOP\DEV\TRAINNING-CHINA\PLATER\CLIENT\PLATE-CLIENT\PLATE-CLIENT\DEBUG\CLIENT.OBJ
Z:\DESKTOP\DEV\TRAINNING-CHINA\PLATER\CLIENT\PLATE-CLIENT\PLATE-CLIENT\DEBUG\VC110.PDB
Z:\DESKTOP\DEV\TRAINNING-CHINA\PLATER\CLIENT\PLATE-CLIENT\PLATE-CLIENT\DEBUG\MAIN.OBJ
Z:\DESKTOP\DEV\TRAINNING-CHINA\PLATER\CLIENT\PLATE-CLIENT\PLATE-CLIENT\DEBUG\APPDATA.OBJ
Z:\DESKTOP\DEV\TRAINNING-CHINA\PLATER\CLIENT\PLATE-CLIENT\PLATE-CLIENT\DEBUG\FILEANNOTATION.OBJ
Z:\DESKTOP\DEV\TRAINNING-CHINA\PLATER\CLIENT\PLATE-CLIENT\PLATE-CLIENT\DEBUG\PLATEANNOTATION.OBJ
Z:\DESKTOP\DEV\TRAINNING-CHINA\PLATER\CLIENT\PLATE-CLIENT\DEBUG\PLATE-CLIENT.ILK
Z:\DESKTOP\DEV\TRAINNING-CHINA\PLATER\CLIENT\PLATE-CLIENT\DEBUG\PLATE-CLIENT.EXE
Z:\DESKTOP\DEV\TRAINNING-CHINA\PLATER\CLIENT\PLATE-CLIENT\DEBUG\PLATE-CLIENT.PDB
Z:\Desktop\dev\trainning-china\plateR\Client\plate-Client\Debug\plate-Client.lib
Z:\Desktop\dev\trainning-china\plateR\Client\plate-Client\Debug\plate-Client.exp
Z:\DESKTOP\DEV\TRAINNING-CHINA\PLATER\CLIENT\PLATE-CLIENT\PLATE-CLIENT\DEBUG\PLATE-CLIENT.RES
Z:\Desktop\dev\trainning-china\plateR\Client\plate-Client\plate-Client\Debug\plate-Client.vcxprojResolveAssemblyReference.cache
Z:\Desktop\dev\trainning-china\plateR\Client\plate-Client\plate-Client\Debug\AppData.obj
Z:\Desktop\dev\trainning-china\plateR\Client\plate-Client\plate-Client\Debug\Client.obj
Z:\Desktop\dev\trainning-china\plateR\Client\plate-Client\plate-Client\Debug\FileAnnotation.obj
Z:\Desktop\dev\trainning-china\plateR\Client\plate-Client\plate-Client\Debug\FileTools.obj
Z:\Desktop\dev\trainning-china\plateR\Client\plate-Client\plate-Client\Debug\main.obj
Z:\Desktop\dev\trainning-china\plateR\Client\plate-Client\plate-Client\Debug\PlateAnnotation.obj
Z:\Desktop\dev\trainning-china\plateR\Client\plate-Client\plate-Client\Debug\Tools.obj
Z:\Desktop\dev\trainning-china\plateR\Client\plate-Client\plate-Client\Debug\cl.command.1.tlog
Z:\Desktop\dev\trainning-china\plateR\Client\plate-Client\plate-Client\Debug\CL.read.1.tlog
Z:\Desktop\dev\trainning-china\plateR\Client\plate-Client\plate-Client\Debug\CL.write.1.tlog
Z:\Desktop\dev\trainning-china\plateR\Client\plate-Client\plate-Client\Debug\link-cvtres.read.1.tlog
Z:\Desktop\dev\trainning-china\plateR\Client\plate-Client\plate-Client\Debug\link-cvtres.write.1.tlog
Z:\Desktop\dev\trainning-china\plateR\Client\plate-Client\plate-Client\Debug\link-rc.read.1.tlog
Z:\Desktop\dev\trainning-china\plateR\Client\plate-Client\plate-Client\Debug\link-rc.write.1.tlog
Z:\Desktop\dev\trainning-china\plateR\Client\plate-Client\plate-Client\Debug\link.1912-cvtres.read.1.tlog
Z:\Desktop\dev\trainning-china\plateR\Client\plate-Client\plate-Client\Debug\link.1912-cvtres.write.1.tlog
Z:\Desktop\dev\trainning-china\plateR\Client\plate-Client\plate-Client\Debug\link.1912-rc.read.1.tlog
Z:\Desktop\dev\trainning-china\plateR\Client\plate-Client\plate-Client\Debug\link.1912-rc.write.1.tlog
Z:\Desktop\dev\trainning-china\plateR\Client\plate-Client\plate-Client\Debug\link.1912.read.1.tlog
Z:\Desktop\dev\trainning-china\plateR\Client\plate-Client\plate-Client\Debug\link.1912.write.1.tlog
Z:\Desktop\dev\trainning-china\plateR\Client\plate-Client\plate-Client\Debug\link.2100-cvtres.read.1.tlog
Z:\Desktop\dev\trainning-china\plateR\Client\plate-Client\plate-Client\Debug\link.2100-cvtres.write.1.tlog
Z:\Desktop\dev\trainning-china\plateR\Client\plate-Client\plate-Client\Debug\link.2100-rc.read.1.tlog
Z:\Desktop\dev\trainning-china\plateR\Client\plate-Client\plate-Client\Debug\link.2100-rc.write.1.tlog
Z:\Desktop\dev\trainning-china\plateR\Client\plate-Client\plate-Client\Debug\link.2100.read.1.tlog
Z:\Desktop\dev\trainning-china\plateR\Client\plate-Client\plate-Client\Debug\link.2100.write.1.tlog
Z:\Desktop\dev\trainning-china\plateR\Client\plate-Client\plate-Client\Debug\link.2584-cvtres.read.1.tlog
Z:\Desktop\dev\trainning-china\plateR\Client\plate-Client\plate-Client\Debug\link.2584-cvtres.write.1.tlog
Z:\Desktop\dev\trainning-china\plateR\Client\plate-Client\plate-Client\Debug\link.2584-rc.read.1.tlog
Z:\Desktop\dev\trainning-china\plateR\Client\plate-Client\plate-Client\Debug\link.2584-rc.write.1.tlog
Z:\Desktop\dev\trainning-china\plateR\Client\plate-Client\plate-Client\Debug\link.2584.read.1.tlog
Z:\Desktop\dev\trainning-china\plateR\Client\plate-Client\plate-Client\Debug\link.2584.write.1.tlog
Z:\Desktop\dev\trainning-china\plateR\Client\plate-Client\plate-Client\Debug\link.2672-cvtres.read.1.tlog
Z:\Desktop\dev\trainning-china\plateR\Client\plate-Client\plate-Client\Debug\link.2672-cvtres.write.1.tlog
Z:\Desktop\dev\trainning-china\plateR\Client\plate-Client\plate-Client\Debug\link.2672-rc.read.1.tlog
Z:\Desktop\dev\trainning-china\plateR\Client\plate-Client\plate-Client\Debug\link.2672-rc.write.1.tlog
Z:\Desktop\dev\trainning-china\plateR\Client\plate-Client\plate-Client\Debug\link.2672.read.1.tlog
Z:\Desktop\dev\trainning-china\plateR\Client\plate-Client\plate-Client\Debug\link.2672.write.1.tlog
Z:\Desktop\dev\trainning-china\plateR\Client\plate-Client\plate-Client\Debug\link.3128-cvtres.read.1.tlog
Z:\Desktop\dev\trainning-china\plateR\Client\plate-Client\plate-Client\Debug\link.3128-cvtres.write.1.tlog
Z:\Desktop\dev\trainning-china\plateR\Client\plate-Client\plate-Client\Debug\link.3128-rc.read.1.tlog
Z:\Desktop\dev\trainning-china\plateR\Client\plate-Client\plate-Client\Debug\link.3128-rc.write.1.tlog
Z:\Desktop\dev\trainning-china\plateR\Client\plate-Client\plate-Client\Debug\link.3128.read.1.tlog
Z:\Desktop\dev\trainning-china\plateR\Client\plate-Client\plate-Client\Debug\link.3128.write.1.tlog
Z:\Desktop\dev\trainning-china\plateR\Client\plate-Client\plate-Client\Debug\link.3496-cvtres.read.1.tlog
Z:\Desktop\dev\trainning-china\plateR\Client\plate-Client\plate-Client\Debug\link.3496-cvtres.write.1.tlog
Z:\Desktop\dev\trainning-china\plateR\Client\plate-Client\plate-Client\Debug\link.3496-rc.read.1.tlog
Z:\Desktop\dev\trainning-china\plateR\Client\plate-Client\plate-Client\Debug\link.3496-rc.write.1.tlog
Z:\Desktop\dev\trainning-china\plateR\Client\plate-Client\plate-Client\Debug\link.3496.read.1.tlog
Z:\Desktop\dev\trainning-china\plateR\Client\plate-Client\plate-Client\Debug\link.3496.write.1.tlog
Z:\Desktop\dev\trainning-china\plateR\Client\plate-Client\plate-Client\Debug\link.3748-cvtres.read.1.tlog
Z:\Desktop\dev\trainning-china\plateR\Client\plate-Client\plate-Client\Debug\link.3748-cvtres.write.1.tlog
Z:\Desktop\dev\trainning-china\plateR\Client\plate-Client\plate-Client\Debug\link.3748-rc.read.1.tlog
Z:\Desktop\dev\trainning-china\plateR\Client\plate-Client\plate-Client\Debug\link.3748-rc.write.1.tlog
Z:\Desktop\dev\trainning-china\plateR\Client\plate-Client\plate-Client\Debug\link.3748.read.1.tlog
Z:\Desktop\dev\trainning-china\plateR\Client\plate-Client\plate-Client\Debug\link.3748.write.1.tlog
Z:\Desktop\dev\trainning-china\plateR\Client\plate-Client\plate-Client\Debug\link.3856-cvtres.read.1.tlog
Z:\Desktop\dev\trainning-china\plateR\Client\plate-Client\plate-Client\Debug\link.3856-cvtres.write.1.tlog
Z:\Desktop\dev\trainning-china\plateR\Client\plate-Client\plate-Client\Debug\link.3856-rc.read.1.tlog
Z:\Desktop\dev\trainning-china\plateR\Client\plate-Client\plate-Client\Debug\link.3856-rc.write.1.tlog
Z:\Desktop\dev\trainning-china\plateR\Client\plate-Client\plate-Client\Debug\link.3856.read.1.tlog
Z:\Desktop\dev\trainning-china\plateR\Client\plate-Client\plate-Client\Debug\link.3856.write.1.tlog
Z:\Desktop\dev\trainning-china\plateR\Client\plate-Client\plate-Client\Debug\link.3940-cvtres.read.1.tlog
Z:\Desktop\dev\trainning-china\plateR\Client\plate-Client\plate-Client\Debug\link.3940-cvtres.write.1.tlog
Z:\Desktop\dev\trainning-china\plateR\Client\plate-Client\plate-Client\Debug\link.3940-rc.read.1.tlog
Z:\Desktop\dev\trainning-china\plateR\Client\plate-Client\plate-Client\Debug\link.3940-rc.write.1.tlog
Z:\Desktop\dev\trainning-china\plateR\Client\plate-Client\plate-Client\Debug\link.3940.read.1.tlog
Z:\Desktop\dev\trainning-china\plateR\Client\plate-Client\plate-Client\Debug\link.3940.write.1.tlog
Z:\Desktop\dev\trainning-china\plateR\Client\plate-Client\plate-Client\Debug\link.4012-cvtres.read.1.tlog
Z:\Desktop\dev\trainning-china\plateR\Client\plate-Client\plate-Client\Debug\link.4012-cvtres.write.1.tlog
Z:\Desktop\dev\trainning-china\plateR\Client\plate-Client\plate-Client\Debug\link.4012-rc.read.1.tlog
Z:\Desktop\dev\trainning-china\plateR\Client\plate-Client\plate-Client\Debug\link.4012-rc.write.1.tlog
Z:\Desktop\dev\trainning-china\plateR\Client\plate-Client\plate-Client\Debug\link.4012.read.1.tlog
Z:\Desktop\dev\trainning-china\plateR\Client\plate-Client\plate-Client\Debug\link.4012.write.1.tlog
Z:\Desktop\dev\trainning-china\plateR\Client\plate-Client\plate-Client\Debug\link.4124-cvtres.read.1.tlog
Z:\Desktop\dev\trainning-china\plateR\Client\plate-Client\plate-Client\Debug\link.4124-cvtres.write.1.tlog
Z:\Desktop\dev\trainning-china\plateR\Client\plate-Client\plate-Client\Debug\link.4124-rc.read.1.tlog
Z:\Desktop\dev\trainning-china\plateR\Client\plate-Client\plate-Client\Debug\link.4124-rc.write.1.tlog
Z:\Desktop\dev\trainning-china\plateR\Client\plate-Client\plate-Client\Debug\link.4124.read.1.tlog
Z:\Desktop\dev\trainning-china\plateR\Client\plate-Client\plate-Client\Debug\link.4124.write.1.tlog
Z:\Desktop\dev\trainning-china\plateR\Client\plate-Client\plate-Client\Debug\link.4192-cvtres.read.1.tlog
Z:\Desktop\dev\trainning-china\plateR\Client\plate-Client\plate-Client\Debug\link.4192-cvtres.write.1.tlog
Z:\Desktop\dev\trainning-china\plateR\Client\plate-Client\plate-Client\Debug\link.4192-rc.read.1.tlog
Z:\Desktop\dev\trainning-china\plateR\Client\plate-Client\plate-Client\Debug\link.4192-rc.write.1.tlog
Z:\Desktop\dev\trainning-china\plateR\Client\plate-Client\plate-Client\Debug\link.4192.read.1.tlog
Z:\Desktop\dev\trainning-china\plateR\Client\plate-Client\plate-Client\Debug\link.4192.write.1.tlog
Z:\Desktop\dev\trainning-china\plateR\Client\plate-Client\plate-Client\Debug\link.4488-cvtres.read.1.tlog
Z:\Desktop\dev\trainning-china\plateR\Client\plate-Client\plate-Client\Debug\link.4488-cvtres.write.1.tlog
Z:\Desktop\dev\trainning-china\plateR\Client\plate-Client\plate-Client\Debug\link.4488-rc.read.1.tlog
Z:\Desktop\dev\trainning-china\plateR\Client\plate-Client\plate-Client\Debug\link.4488-rc.write.1.tlog
Z:\Desktop\dev\trainning-china\plateR\Client\plate-Client\plate-Client\Debug\link.4488.read.1.tlog
Z:\Desktop\dev\trainning-china\plateR\Client\plate-Client\plate-Client\Debug\link.4488.write.1.tlog
Z:\Desktop\dev\trainning-china\plateR\Client\plate-Client\plate-Client\Debug\link.4824-cvtres.read.1.tlog
Z:\Desktop\dev\trainning-china\plateR\Client\plate-Client\plate-Client\Debug\link.4824-cvtres.write.1.tlog
Z:\Desktop\dev\trainning-china\plateR\Client\plate-Client\plate-Client\Debug\link.4824-rc.read.1.tlog
Z:\Desktop\dev\trainning-china\plateR\Client\plate-Client\plate-Client\Debug\link.4824-rc.write.1.tlog
Z:\Desktop\dev\trainning-china\plateR\Client\plate-Client\plate-Client\Debug\link.4824.read.1.tlog
Z:\Desktop\dev\trainning-china\plateR\Client\plate-Client\plate-Client\Debug\link.4824.write.1.tlog
Z:\Desktop\dev\trainning-china\plateR\Client\plate-Client\plate-Client\Debug\link.4912-cvtres.read.1.tlog
Z:\Desktop\dev\trainning-china\plateR\Client\plate-Client\plate-Client\Debug\link.4912-cvtres.write.1.tlog
Z:\Desktop\dev\trainning-china\plateR\Client\plate-Client\plate-Client\Debug\link.4912-rc.read.1.tlog
Z:\Desktop\dev\trainning-china\plateR\Client\plate-Client\plate-Client\Debug\link.4912-rc.write.1.tlog
Z:\Desktop\dev\trainning-china\plateR\Client\plate-Client\plate-Client\Debug\link.4912.read.1.tlog
Z:\Desktop\dev\trainning-china\plateR\Client\plate-Client\plate-Client\Debug\link.4912.write.1.tlog
Z:\Desktop\dev\trainning-china\plateR\Client\plate-Client\plate-Client\Debug\link.4924-cvtres.read.1.tlog
Z:\Desktop\dev\trainning-china\plateR\Client\plate-Client\plate-Client\Debug\link.4924-cvtres.write.1.tlog
Z:\Desktop\dev\trainning-china\plateR\Client\plate-Client\plate-Client\Debug\link.4924-rc.read.1.tlog
Z:\Desktop\dev\trainning-china\plateR\Client\plate-Client\plate-Client\Debug\link.4924-rc.write.1.tlog
Z:\Desktop\dev\trainning-china\plateR\Client\plate-Client\plate-Client\Debug\link.4924.read.1.tlog
Z:\Desktop\dev\trainning-china\plateR\Client\plate-Client\plate-Client\Debug\link.4924.write.1.tlog
Z:\Desktop\dev\trainning-china\plateR\Client\plate-Client\plate-Client\Debug\link.4932-cvtres.read.1.tlog
Z:\Desktop\dev\trainning-china\plateR\Client\plate-Client\plate-Client\Debug\link.4932-cvtres.write.1.tlog
Z:\Desktop\dev\trainning-china\plateR\Client\plate-Client\plate-Client\Debug\link.4932-rc.read.1.tlog
Z:\Desktop\dev\trainning-china\plateR\Client\plate-Client\plate-Client\Debug\link.4932-rc.write.1.tlog
Z:\Desktop\dev\trainning-china\plateR\Client\plate-Client\plate-Client\Debug\link.4932.read.1.tlog
Z:\Desktop\dev\trainning-china\plateR\Client\plate-Client\plate-Client\Debug\link.4932.write.1.tlog
Z:\Desktop\dev\trainning-china\plateR\Client\plate-Client\plate-Client\Debug\link.5072-cvtres.read.1.tlog
Z:\Desktop\dev\trainning-china\plateR\Client\plate-Client\plate-Client\Debug\link.5072-cvtres.write.1.tlog
Z:\Desktop\dev\trainning-china\plateR\Client\plate-Client\plate-Client\Debug\link.5072-rc.read.1.tlog
Z:\Desktop\dev\trainning-china\plateR\Client\plate-Client\plate-Client\Debug\link.5072-rc.write.1.tlog
Z:\Desktop\dev\trainning-china\plateR\Client\plate-Client\plate-Client\Debug\link.5072.read.1.tlog
Z:\Desktop\dev\trainning-china\plateR\Client\plate-Client\plate-Client\Debug\link.5072.write.1.tlog
Z:\Desktop\dev\trainning-china\plateR\Client\plate-Client\plate-Client\Debug\link.5076-cvtres.read.1.tlog
Z:\Desktop\dev\trainning-china\plateR\Client\plate-Client\plate-Client\Debug\link.5076-cvtres.write.1.tlog
Z:\Desktop\dev\trainning-china\plateR\Client\plate-Client\plate-Client\Debug\link.5076-rc.read.1.tlog
Z:\Desktop\dev\trainning-china\plateR\Client\plate-Client\plate-Client\Debug\link.5076-rc.write.1.tlog
Z:\Desktop\dev\trainning-china\plateR\Client\plate-Client\plate-Client\Debug\link.5076.read.1.tlog
Z:\Desktop\dev\trainning-china\plateR\Client\plate-Client\plate-Client\Debug\link.5076.write.1.tlog
Z:\Desktop\dev\trainning-china\plateR\Client\plate-Client\plate-Client\Debug\link.540-cvtres.read.1.tlog
Z:\Desktop\dev\trainning-china\plateR\Client\plate-Client\plate-Client\Debug\link.540-cvtres.write.1.tlog
Z:\Desktop\dev\trainning-china\plateR\Client\plate-Client\plate-Client\Debug\link.540-rc.read.1.tlog
Z:\Desktop\dev\trainning-china\plateR\Client\plate-Client\plate-Client\Debug\link.540-rc.write.1.tlog
Z:\Desktop\dev\trainning-china\plateR\Client\plate-Client\plate-Client\Debug\link.540.read.1.tlog
Z:\Desktop\dev\trainning-china\plateR\Client\plate-Client\plate-Client\Debug\link.540.write.1.tlog
Z:\Desktop\dev\trainning-china\plateR\Client\plate-Client\plate-Client\Debug\link.command.1.tlog
Z:\Desktop\dev\trainning-china\plateR\Client\plate-Client\plate-Client\Debug\link.read.1.tlog
Z:\Desktop\dev\trainning-china\plateR\Client\plate-Client\plate-Client\Debug\link.write.1.tlog
Z:\Desktop\dev\trainning-china\plateR\Client\plate-Client\plate-Client\Debug\plate-Client.write.1.tlog
Z:\Desktop\dev\trainning-china\plateR\Client\plate-Client\plate-Client\Debug\rc.command.1.tlog
Z:\Desktop\dev\trainning-china\plateR\Client\plate-Client\plate-Client\Debug\rc.read.1.tlog
Z:\Desktop\dev\trainning-china\plateR\Client\plate-Client\plate-Client\Debug\rc.write.1.tlog
Z:\Desktop\dev\trainning-china\plateR\Client\plate-Client\plate-Client\Debug\plate-Client.res
Z:\Desktop\dev\trainning-china\plateR\Client\plate-Client\plate-Client\Debug\vc110.idb
Z:\Desktop\dev\trainning-china\plateR\Client\plate-Client\plate-Client\Debug\vc110.pdb
Z:\Desktop\dev\trainning-china\plateR\Client\plate-Client\Debug\plate-Client.pdb
Z:\Desktop\dev\trainning-china\plateR\Client\plate-Client\Debug\plate-Client.exe
Z:\Desktop\dev\trainning-china\plateR\Client\plate-Client\Debug\plate-Client.ilk
