Opening Stream:
New user k=hroo
New user S;Q.H#
New user $#=s[q
New user _)0SjX
New user ;+p>qi
New user RJljNm
New user DNgGkh
New user s[(<DL
New user 3-rVUc
New user 9ddpRA
[DELETE CLIENT] S;Q.H#
[DELETE CLIENT] k=hroo
[DELETE CLIENT] $#=s[q
New user ?DXS^8
New user )kt[8t
New user W`iGpW
New user V),I`Q
New user 2J:uVD
New user NBT-pH
New user />2X&"
New user 'B'-Mh
New user fAZs.i
New user *$J5!T
[DELETE CLIENT] RJljNm
[DELETE CLIENT] ;+p>qi
[DELETE CLIENT] _)0SjX
[DELETE CLIENT] 3-rVUc
[DELETE CLIENT] s[(<DL
[DELETE CLIENT] DNgGkh
[DELETE CLIENT] V),I`Q
[DELETE CLIENT] W`iGpW
[DELETE CLIENT] 9ddpRA
[DELETE CLIENT] ?DXS^8
[DELETE CLIENT] NBT-pH
[DELETE CLIENT] )kt[8t
[DELETE CLIENT] 'B'-Mh
[DELETE CLIENT] 2J:uVD
[DELETE CLIENT] fAZs.i
[DELETE CLIENT] />2X&"
New user "*;0"1
New user `c[&lF
New user 0Ri5j"
New user gR@7WG
New user _7JZcI
New user w9HB%e
New user uG8V/b
New user 3tKkU;
New user p;d4@q
New user = hGj"
New user g>CpZ>
New user BXrmJ/
New user :PuUI\
[DELETE CLIENT] "*;0"1
[DELETE CLIENT] _7JZcI
[DELETE CLIENT] w9HB%e
[DELETE CLIENT] 0Ri5j"
[DELETE CLIENT] `c[&lF
[DELETE CLIENT] uG8V/b
[DELETE CLIENT] 3tKkU;
[DELETE CLIENT] p;d4@q
[DELETE CLIENT] = hGj"
[DELETE CLIENT] g>CpZ>
[DELETE CLIENT] BXrmJ/
[DELETE CLIENT] :PuUI\
[DELETE CLIENT] *$J5!T
[DELETE CLIENT] gR@7WG
New user Kqrnr+
New user #@H]</
New user .+B ,,
New user Mdpw&P
New user Lh"U2B
New user VjV-iW
New user o@dlvL
New user Bviw8v
New user 85)03 
New user %1DIa9
New user Um[VkT
New user ,Z9SH$
New user mMhHeR
New user ']GtcS
[DELETE CLIENT] .+B ,,
[DELETE CLIENT] Mdpw&P
[DELETE CLIENT] Lh"U2B
[DELETE CLIENT] ']GtcS
[DELETE CLIENT] Kqrnr+
[DELETE CLIENT] #@H]</
[DELETE CLIENT] VjV-iW
[DELETE CLIENT] o@dlvL
[DELETE CLIENT] Bviw8v
[DELETE CLIENT] 85)03 
[DELETE CLIENT] %1DIa9
[DELETE CLIENT] Um[VkT
[DELETE CLIENT] ,Z9SH$
[DELETE CLIENT] mMhHeR
New user -Cp(MM
New user ILoH?7
New user /XW1>O
New user #[l4Fj
New user M$c]"w
New user ,f$E:]
New user 4*c#fA
New user jMZ2i-
New user \'3+Iu
New user odY/NF
New user %>)[WR
New user )D=UdZ
[DELETE CLIENT] 4*c#fA
[DELETE CLIENT] jMZ2i-
[DELETE CLIENT] \'3+Iu
[DELETE CLIENT] #[l4Fj
[DELETE CLIENT] -Cp(MM
[DELETE CLIENT] ILoH?7
[DELETE CLIENT] odY/NF
[DELETE CLIENT] %>)[WR
[DELETE CLIENT] )D=UdZ
[DELETE CLIENT] /XW1>O
[DELETE CLIENT] ,f$E:]
[DELETE CLIENT] M$c]"w
New user ]<W :<
New user >igij7
New user d06q#(
New user wWS(1_
New user O3]VI3
New user R,scCL
New user @8(uNH
New user  >!QC"
New user LF>I6d
New user SDWXEV
New user G*CgU[
New user SWO1vs
New user ^U6f8*
New user jc2#aV
[DELETE CLIENT] R,scCL
[DELETE CLIENT] @8(uNH
[DELETE CLIENT]  >!QC"
[DELETE CLIENT] LF>I6d
[DELETE CLIENT] SDWXEV
[DELETE CLIENT] G*CgU[
[DELETE CLIENT] SWO1vs
[DELETE CLIENT] ^U6f8*
[DELETE CLIENT] ]<W :<
[DELETE CLIENT] >igij7
[DELETE CLIENT] d06q#(
[DELETE CLIENT] O3]VI3
[DELETE CLIENT] wWS(1_
