Build started 13-Nov-12 12:27:02 PM.
     1>Project "Z:\Desktop\dev\trainning-china\plateR\Server\Client\Client.vcxproj" on node 2 (Build target(s)).
     1>InitializeBuildStatus:
         Creating "Debug\Server.unsuccessfulbuild" because "AlwaysCreate" was specified.
       ClCompile:
         C:\Program Files (x86)\Microsoft Visual Studio 11.0\VC\bin\CL.exe /c /I"Z:\Desktop\dev\trainning-china\plateR\Server\Client\..\..\..\CommonFile\LProtocol\include" /I"Z:\Desktop\dev\trainning-china\boost_1_52_0\boost_1_52_0" /IC:\Users\JD\Desktop\boost_1_52_0\boost_1_52_0 /I"Z:\Desktop\dev\trainning-china\plateR\Common\Tools" /ZI /nologo /W3 /WX- /Od /Oy- /D _MBCS /D _MBCS /D _WIN32_WINNT=0x0501 /Gm /EHsc /RTC1 /MDd /GS /fp:precise /Zc:wchar_t /Zc:forScope /Fo"Debug\\" /Fd"Debug\vc110.pdb" /Gd /TP /analyze- /errorReport:prompt -D_WIN32_WINNT=0x0501 ..\..\Common\Tools\FileTools.cpp ..\..\Common\Tools\Tools.cpp AppData.cpp Client.cpp main.cpp Server.cpp
         Server.cpp
     1>z:\desktop\dev\trainning-china\plater\server\client\server.cpp(12): warning C4244: 'argument' : conversion from 'time_t' to 'unsigned int', possible loss of data
         main.cpp
         Client.cpp
         AppData.cpp
         Tools.cpp
         FileTools.cpp
         Generating Code...
       Link:
         C:\Program Files (x86)\Microsoft Visual Studio 11.0\VC\bin\link.exe /ERRORREPORT:PROMPT /OUT:"Z:\Desktop\dev\trainning-china\plateR\Server\Debug\Server.exe" /INCREMENTAL /NOLOGO /LIBPATH:"Z:\Desktop\dev\trainning-china\plateR\Server\Client\..\..\..\CommonFiles\libs\LProtocol\Windows\Release" LProtocol.lib kernel32.lib user32.lib gdi32.lib winspool.lib comdlg32.lib advapi32.lib shell32.lib ole32.lib oleaut32.lib uuid.lib odbc32.lib odbccp32.lib /MANIFEST /MANIFESTUAC:"level='asInvoker' uiAccess='false'" /manifest:embed /DEBUG /PDB:"Z:\Desktop\dev\trainning-china\plateR\Server\Debug\Server.pdb" /TLBID:1 /DYNAMICBASE /NXCOMPAT /IMPLIB:"Z:\Desktop\dev\trainning-china\plateR\Server\Debug\Server.lib" /MACHINE:X86 Debug\FileTools.obj
         Debug\Tools.obj
         Debug\AppData.obj
         Debug\Client.obj
         Debug\main.obj
         Debug\Server.obj
         "Z:\Desktop\dev\trainning-china\plateR\Server\Debug\LProtocol.lib"
            Creating library Z:\Desktop\dev\trainning-china\plateR\Server\Debug\Server.lib and object Z:\Desktop\dev\trainning-china\plateR\Server\Debug\Server.exp
         Client.vcxproj -> Z:\Desktop\dev\trainning-china\plateR\Server\Debug\Server.exe
       FinalizeBuildStatus:
         Deleting file "Debug\Server.unsuccessfulbuild".
         Touching "Debug\Server.lastbuildstate".
     1>Done Building Project "Z:\Desktop\dev\trainning-china\plateR\Server\Client\Client.vcxproj" (Build target(s)).

Build succeeded.

Time Elapsed 00:02:32.37
