C:\USERS\JD\DESKTOP\DIGITAL-FINAL\PLATER\SERVER\CLIENT\DEBUG\FILEANNOTATION.OBJ
C:\USERS\JD\DESKTOP\DIGITAL-FINAL\PLATER\SERVER\CLIENT\DEBUG\PLATEANNOTATION.OBJ
C:\USERS\JD\DESKTOP\DIGITAL-FINAL\PLATER\SERVER\CLIENT\DEBUG\FILETOOLS.OBJ
C:\USERS\JD\DESKTOP\DIGITAL-FINAL\PLATER\SERVER\CLIENT\DEBUG\STRINGTOOLS.OBJ
C:\USERS\JD\DESKTOP\DIGITAL-FINAL\PLATER\SERVER\CLIENT\DEBUG\TOOLS.OBJ
C:\USERS\JD\DESKTOP\DIGITAL-FINAL\PLATER\SERVER\CLIENT\DEBUG\APPDATA.OBJ
C:\USERS\JD\DESKTOP\DIGITAL-FINAL\PLATER\SERVER\CLIENT\DEBUG\CLIENT.OBJ
C:\USERS\JD\DESKTOP\DIGITAL-FINAL\PLATER\SERVER\CLIENT\DEBUG\MAIN.OBJ
C:\USERS\JD\DESKTOP\DIGITAL-FINAL\PLATER\SERVER\CLIENT\DEBUG\SERVER.OBJ
C:\USERS\JD\DESKTOP\DIGITAL-FINAL\PLATER\SERVER\CLIENT\DEBUG\VC110.PDB
C:\USERS\JD\DESKTOP\DIGITAL-FINAL\PLATER\SERVER\DEBUG\SERVER.ILK
C:\USERS\JD\DESKTOP\DIGITAL-FINAL\PLATER\SERVER\DEBUG\SERVER.EXE
C:\USERS\JD\DESKTOP\DIGITAL-FINAL\PLATER\SERVER\DEBUG\SERVER.PDB
C:\Users\JD\Desktop\Digital-Final\plateR\Server\Debug\Server.lib
C:\Users\JD\Desktop\Digital-Final\plateR\Server\Debug\Server.exp
C:\Users\JD\Desktop\Digital-Final\plateR\Server\Client\Debug\AppData.obj
C:\Users\JD\Desktop\Digital-Final\plateR\Server\Client\Debug\Client.obj
C:\Users\JD\Desktop\Digital-Final\plateR\Server\Client\Debug\FileAnnotation.obj
C:\Users\JD\Desktop\Digital-Final\plateR\Server\Client\Debug\FileTools.obj
C:\Users\JD\Desktop\Digital-Final\plateR\Server\Client\Debug\main.obj
C:\Users\JD\Desktop\Digital-Final\plateR\Server\Client\Debug\PlateAnnotation.obj
C:\Users\JD\Desktop\Digital-Final\plateR\Server\Client\Debug\Server.obj
C:\Users\JD\Desktop\Digital-Final\plateR\Server\Client\Debug\StringTools.obj
C:\Users\JD\Desktop\Digital-Final\plateR\Server\Client\Debug\Tools.obj
C:\Users\JD\Desktop\Digital-Final\plateR\Server\Client\Debug\cl.command.1.tlog
C:\Users\JD\Desktop\Digital-Final\plateR\Server\Client\Debug\CL.read.1.tlog
C:\Users\JD\Desktop\Digital-Final\plateR\Server\Client\Debug\CL.write.1.tlog
C:\Users\JD\Desktop\Digital-Final\plateR\Server\Client\Debug\link-cvtres.read.1.tlog
C:\Users\JD\Desktop\Digital-Final\plateR\Server\Client\Debug\link-cvtres.write.1.tlog
C:\Users\JD\Desktop\Digital-Final\plateR\Server\Client\Debug\link-rc.read.1.tlog
C:\Users\JD\Desktop\Digital-Final\plateR\Server\Client\Debug\link-rc.write.1.tlog
C:\Users\JD\Desktop\Digital-Final\plateR\Server\Client\Debug\link.command.1.tlog
C:\Users\JD\Desktop\Digital-Final\plateR\Server\Client\Debug\link.read.1.tlog
C:\Users\JD\Desktop\Digital-Final\plateR\Server\Client\Debug\link.write.1.tlog
C:\Users\JD\Desktop\Digital-Final\plateR\Server\Client\Debug\Server.write.1.tlog
C:\Users\JD\Desktop\Digital-Final\plateR\Server\Client\Debug\vc110.idb
C:\Users\JD\Desktop\Digital-Final\plateR\Server\Client\Debug\vc110.pdb
C:\Users\JD\Desktop\Digital-Final\plateR\Server\Debug\Server.pdb
C:\Users\JD\Desktop\Digital-Final\plateR\Server\Debug\Server.exe
C:\Users\JD\Desktop\Digital-Final\plateR\Server\Debug\Server.ilk
