C:\USERS\JD\DOCUMENTS\VISUAL STUDIO 2012\PROJECTS\PLATE-SERVER\PLATE-SERVER\DEBUG\CLIENT.OBJ
C:\USERS\JD\DOCUMENTS\VISUAL STUDIO 2012\PROJECTS\PLATE-SERVER\PLATE-SERVER\DEBUG\MAIN.OBJ
C:\USERS\JD\DOCUMENTS\VISUAL STUDIO 2012\PROJECTS\PLATE-SERVER\PLATE-SERVER\DEBUG\SERVER.OBJ
C:\USERS\JD\DOCUMENTS\VISUAL STUDIO 2012\PROJECTS\PLATE-SERVER\PLATE-SERVER\DEBUG\VC110.PDB
C:\USERS\JD\DOCUMENTS\VISUAL STUDIO 2012\PROJECTS\PLATE-SERVER\DEBUG\PLATE-SERVER.ILK
C:\USERS\JD\DOCUMENTS\VISUAL STUDIO 2012\PROJECTS\PLATE-SERVER\DEBUG\PLATE-SERVER.EXE
C:\USERS\JD\DOCUMENTS\VISUAL STUDIO 2012\PROJECTS\PLATE-SERVER\DEBUG\PLATE-SERVER.PDB
C:\Users\JD\documents\visual studio 2012\Projects\Plate-server\Plate-server\Debug\client.obj
C:\Users\JD\documents\visual studio 2012\Projects\Plate-server\Plate-server\Debug\main.obj
C:\Users\JD\documents\visual studio 2012\Projects\Plate-server\Plate-server\Debug\server.obj
C:\Users\JD\documents\visual studio 2012\Projects\Plate-server\Plate-server\Debug\cl.command.1.tlog
C:\Users\JD\documents\visual studio 2012\Projects\Plate-server\Plate-server\Debug\CL.read.1.tlog
C:\Users\JD\documents\visual studio 2012\Projects\Plate-server\Plate-server\Debug\CL.write.1.tlog
C:\Users\JD\documents\visual studio 2012\Projects\Plate-server\Plate-server\Debug\link-cvtres.read.1.tlog
C:\Users\JD\documents\visual studio 2012\Projects\Plate-server\Plate-server\Debug\link-cvtres.write.1.tlog
C:\Users\JD\documents\visual studio 2012\Projects\Plate-server\Plate-server\Debug\link-rc.read.1.tlog
C:\Users\JD\documents\visual studio 2012\Projects\Plate-server\Plate-server\Debug\link-rc.write.1.tlog
C:\Users\JD\documents\visual studio 2012\Projects\Plate-server\Plate-server\Debug\link.command.1.tlog
C:\Users\JD\documents\visual studio 2012\Projects\Plate-server\Plate-server\Debug\link.read.1.tlog
C:\Users\JD\documents\visual studio 2012\Projects\Plate-server\Plate-server\Debug\link.write.1.tlog
C:\Users\JD\documents\visual studio 2012\Projects\Plate-server\Plate-server\Debug\vc110.idb
C:\Users\JD\documents\visual studio 2012\Projects\Plate-server\Plate-server\Debug\vc110.pdb
C:\Users\JD\documents\visual studio 2012\Projects\Plate-server\Debug\Plate-server.pdb
C:\Users\JD\documents\visual studio 2012\Projects\Plate-server\Debug\Plate-server.exe
C:\Users\JD\documents\visual studio 2012\Projects\Plate-server\Debug\Plate-server.ilk
