Z:\DESKTOP\DEV\TRAINNING-CHINA\PLATER\SERVER\CLIENT\RELEASE\SERVER.OBJ
Z:\DESKTOP\DEV\TRAINNING-CHINA\PLATER\SERVER\CLIENT\RELEASE\MAIN.OBJ
Z:\DESKTOP\DEV\TRAINNING-CHINA\PLATER\SERVER\CLIENT\RELEASE\CLIENT.OBJ
Z:\DESKTOP\DEV\TRAINNING-CHINA\PLATER\SERVER\CLIENT\RELEASE\APPDATA.OBJ
Z:\DESKTOP\DEV\TRAINNING-CHINA\PLATER\SERVER\CLIENT\RELEASE\TOOLS.OBJ
Z:\DESKTOP\DEV\TRAINNING-CHINA\PLATER\SERVER\CLIENT\RELEASE\FILETOOLS.OBJ
Z:\DESKTOP\DEV\TRAINNING-CHINA\PLATER\SERVER\CLIENT\RELEASE\FILEANNOTATION.OBJ
Z:\DESKTOP\DEV\TRAINNING-CHINA\PLATER\SERVER\CLIENT\RELEASE\STRINGTOOLS.OBJ
Z:\DESKTOP\DEV\TRAINNING-CHINA\PLATER\SERVER\CLIENT\RELEASE\VC110.PDB
Z:\DESKTOP\DEV\TRAINNING-CHINA\PLATER\SERVER\CLIENT\RELEASE\PLATEANNOTATION.OBJ
Z:\DESKTOP\DEV\TRAINNING-CHINA\PLATER\SERVER\RELEASE\SERVER.EXE
Z:\DESKTOP\DEV\TRAINNING-CHINA\PLATER\SERVER\RELEASE\SERVER.PDB
Z:\Desktop\dev\trainning-china\plateR\Server\Release\Server.lib
Z:\Desktop\dev\trainning-china\plateR\Server\Release\Server.exp
Z:\Desktop\dev\trainning-china\plateR\Server\Client\Release\AppData.obj
Z:\Desktop\dev\trainning-china\plateR\Server\Client\Release\Client.obj
Z:\Desktop\dev\trainning-china\plateR\Server\Client\Release\FileAnnotation.obj
Z:\Desktop\dev\trainning-china\plateR\Server\Client\Release\FileTools.obj
Z:\Desktop\dev\trainning-china\plateR\Server\Client\Release\main.obj
Z:\Desktop\dev\trainning-china\plateR\Server\Client\Release\PlateAnnotation.obj
Z:\Desktop\dev\trainning-china\plateR\Server\Client\Release\Server.obj
Z:\Desktop\dev\trainning-china\plateR\Server\Client\Release\StringTools.obj
Z:\Desktop\dev\trainning-china\plateR\Server\Client\Release\Tools.obj
Z:\Desktop\dev\trainning-china\plateR\Server\Client\Release\cl.command.1.tlog
Z:\Desktop\dev\trainning-china\plateR\Server\Client\Release\CL.read.1.tlog
Z:\Desktop\dev\trainning-china\plateR\Server\Client\Release\CL.write.1.tlog
Z:\Desktop\dev\trainning-china\plateR\Server\Client\Release\link-cvtres.read.1.tlog
Z:\Desktop\dev\trainning-china\plateR\Server\Client\Release\link-cvtres.write.1.tlog
Z:\Desktop\dev\trainning-china\plateR\Server\Client\Release\link-rc.read.1.tlog
Z:\Desktop\dev\trainning-china\plateR\Server\Client\Release\link-rc.write.1.tlog
Z:\Desktop\dev\trainning-china\plateR\Server\Client\Release\link.command.1.tlog
Z:\Desktop\dev\trainning-china\plateR\Server\Client\Release\link.read.1.tlog
Z:\Desktop\dev\trainning-china\plateR\Server\Client\Release\link.read.5.tlog
Z:\Desktop\dev\trainning-china\plateR\Server\Client\Release\link.write.1.tlog
Z:\Desktop\dev\trainning-china\plateR\Server\Client\Release\Server.write.1.tlog
Z:\Desktop\dev\trainning-china\plateR\Server\Client\Release\vc110.pdb
Z:\Desktop\dev\trainning-china\plateR\Server\Release\Server.pdb
Z:\Desktop\dev\trainning-china\plateR\Server\Release\Server.exe
