Build started 10-Nov-12 10:08:58 AM.
     1>Project "Z:\Desktop\dev\trainning-china\plateR\Common\LProtocol\Windows\libProtocol\libProtocol.vcxproj" on node 2 (Build target(s)).
     1>InitializeBuildStatus:
         Creating "Debug\LProtocol.unsuccessfulbuild" because "AlwaysCreate" was specified.
       ClCompile:
         C:\Program Files (x86)\Microsoft Visual Studio 11.0\VC\bin\CL.exe /c /I"Z:\Desktop\dev\trainning-china\plateR\Common\LProtocol\include" /ZI /nologo /W3 /WX- /Od /Oy- /D WIN32 /D _DEBUG /D _WINDOWS /D _USRDLL /D LIBPROTOCOL_EXPORTS /D _WINDLL /D _UNICODE /D UNICODE /Gm /EHsc /RTC1 /MDd /GS /fp:precise /Zc:wchar_t /Zc:forScope /Fo"Debug\\" /Fd"Debug\vc110.pdb" /Gd /TP /analyze- /errorReport:prompt ..\..\Unix\srcs\LProtocol.cpp ..\..\Unix\srcs\Message.cpp ..\..\Unix\srcs\MessageFile.cpp ..\..\Unix\srcs\MessageLogin.cpp ..\..\Unix\srcs\MessageLoginResult.cpp ..\..\Unix\srcs\MessageLogOut.cpp ..\..\Unix\srcs\MessagePlate.cpp
         MessagePlate.cpp
         MessageLogOut.cpp
         MessageLoginResult.cpp
         MessageLogin.cpp
         MessageFile.cpp
         Message.cpp
         LProtocol.cpp
         Generating Code...
       Link:
         C:\Program Files (x86)\Microsoft Visual Studio 11.0\VC\bin\link.exe /ERRORREPORT:PROMPT /OUT:"Z:\Desktop\dev\trainning-china\plateR\test\ProjectLibTest\Debug\LProtocol.dll" /INCREMENTAL /NOLOGO kernel32.lib user32.lib gdi32.lib winspool.lib comdlg32.lib advapi32.lib shell32.lib ole32.lib oleaut32.lib uuid.lib odbc32.lib odbccp32.lib /MANIFEST /MANIFESTUAC:"level='asInvoker' uiAccess='false'" /manifest:embed /DEBUG /PDB:"Z:\Desktop\dev\trainning-china\plateR\test\ProjectLibTest\Debug\LProtocol.pdb" /SUBSYSTEM:WINDOWS /TLBID:1 /DYNAMICBASE /NXCOMPAT /IMPLIB:"Z:\Desktop\dev\trainning-china\plateR\test\ProjectLibTest\Debug\LProtocol.lib" /MACHINE:X86 /DLL Debug\LProtocol.obj
         Debug\Message.obj
         Debug\MessageFile.obj
         Debug\MessageLogin.obj
         Debug\MessageLoginResult.obj
         Debug\MessageLogOut.obj
         Debug\MessagePlate.obj
            Creating library Z:\Desktop\dev\trainning-china\plateR\test\ProjectLibTest\Debug\LProtocol.lib and object Z:\Desktop\dev\trainning-china\plateR\test\ProjectLibTest\Debug\LProtocol.exp
         libProtocol.vcxproj -> Z:\Desktop\dev\trainning-china\plateR\test\ProjectLibTest\Debug\LProtocol.dll
       FinalizeBuildStatus:
         Deleting file "Debug\LProtocol.unsuccessfulbuild".
         Touching "Debug\LProtocol.lastbuildstate".
     1>Done Building Project "Z:\Desktop\dev\trainning-china\plateR\Common\LProtocol\Windows\libProtocol\libProtocol.vcxproj" (Build target(s)).

Build succeeded.

Time Elapsed 00:00:16.73
