Z:\DESKTOP\DEV\TRAINNING-CHINA\PLATER\COMMON\LPROTOCOL\WINDOWS\LIBPROTOCOL\DEBUG\LPROTOCOL.OBJ
Z:\DESKTOP\DEV\TRAINNING-CHINA\PLATER\COMMON\LPROTOCOL\WINDOWS\LIBPROTOCOL\DEBUG\MESSAGEFILE.OBJ
Z:\DESKTOP\DEV\TRAINNING-CHINA\PLATER\COMMON\LPROTOCOL\WINDOWS\LIBPROTOCOL\DEBUG\MESSAGELOGIN.OBJ
Z:\DESKTOP\DEV\TRAINNING-CHINA\PLATER\COMMON\LPROTOCOL\WINDOWS\LIBPROTOCOL\DEBUG\MESSAGELOGINRESULT.OBJ
Z:\DESKTOP\DEV\TRAINNING-CHINA\PLATER\COMMON\LPROTOCOL\WINDOWS\LIBPROTOCOL\DEBUG\MESSAGELOGOUT.OBJ
Z:\DESKTOP\DEV\TRAINNING-CHINA\PLATER\COMMON\LPROTOCOL\WINDOWS\LIBPROTOCOL\DEBUG\MESSAGEPLATE.OBJ
Z:\DESKTOP\DEV\TRAINNING-CHINA\PLATER\COMMON\LPROTOCOL\WINDOWS\LIBPROTOCOL\DEBUG\MESSAGE.OBJ
Z:\DESKTOP\DEV\TRAINNING-CHINA\PLATER\COMMON\LPROTOCOL\WINDOWS\LIBPROTOCOL\DEBUG\VC110.PDB
Z:\DESKTOP\DEV\TRAINNING-CHINA\PLATER\TEST\PROJECTLIBTEST\DEBUG\LPROTOCOL.PDB
Z:\Desktop\dev\trainning-china\plateR\test\ProjectLibTest\Debug\LProtocol.lib
Z:\Desktop\dev\trainning-china\plateR\test\ProjectLibTest\Debug\LProtocol.exp
Z:\Desktop\dev\trainning-china\plateR\Common\LProtocol\Windows\libProtocol\Debug\LProtocol.obj
Z:\Desktop\dev\trainning-china\plateR\Common\LProtocol\Windows\libProtocol\Debug\Message.obj
Z:\Desktop\dev\trainning-china\plateR\Common\LProtocol\Windows\libProtocol\Debug\MessageFile.obj
Z:\Desktop\dev\trainning-china\plateR\Common\LProtocol\Windows\libProtocol\Debug\MessageLogin.obj
Z:\Desktop\dev\trainning-china\plateR\Common\LProtocol\Windows\libProtocol\Debug\MessageLoginResult.obj
Z:\Desktop\dev\trainning-china\plateR\Common\LProtocol\Windows\libProtocol\Debug\MessageLogOut.obj
Z:\Desktop\dev\trainning-china\plateR\Common\LProtocol\Windows\libProtocol\Debug\MessagePlate.obj
Z:\Desktop\dev\trainning-china\plateR\Common\LProtocol\Windows\libProtocol\Debug\cl.command.1.tlog
Z:\Desktop\dev\trainning-china\plateR\Common\LProtocol\Windows\libProtocol\Debug\CL.read.1.tlog
Z:\Desktop\dev\trainning-china\plateR\Common\LProtocol\Windows\libProtocol\Debug\CL.write.1.tlog
Z:\Desktop\dev\trainning-china\plateR\Common\LProtocol\Windows\libProtocol\Debug\link-cvtres.read.1.tlog
Z:\Desktop\dev\trainning-china\plateR\Common\LProtocol\Windows\libProtocol\Debug\link-cvtres.write.1.tlog
Z:\Desktop\dev\trainning-china\plateR\Common\LProtocol\Windows\libProtocol\Debug\link-rc.read.1.tlog
Z:\Desktop\dev\trainning-china\plateR\Common\LProtocol\Windows\libProtocol\Debug\link-rc.write.1.tlog
Z:\Desktop\dev\trainning-china\plateR\Common\LProtocol\Windows\libProtocol\Debug\link.5764-cvtres.read.1.tlog
Z:\Desktop\dev\trainning-china\plateR\Common\LProtocol\Windows\libProtocol\Debug\link.5764-cvtres.write.1.tlog
Z:\Desktop\dev\trainning-china\plateR\Common\LProtocol\Windows\libProtocol\Debug\link.5764-rc.read.1.tlog
Z:\Desktop\dev\trainning-china\plateR\Common\LProtocol\Windows\libProtocol\Debug\link.5764-rc.write.1.tlog
Z:\Desktop\dev\trainning-china\plateR\Common\LProtocol\Windows\libProtocol\Debug\link.5764.read.1.tlog
Z:\Desktop\dev\trainning-china\plateR\Common\LProtocol\Windows\libProtocol\Debug\link.5764.write.1.tlog
Z:\Desktop\dev\trainning-china\plateR\Common\LProtocol\Windows\libProtocol\Debug\link.5772-cvtres.read.1.tlog
Z:\Desktop\dev\trainning-china\plateR\Common\LProtocol\Windows\libProtocol\Debug\link.5772-cvtres.write.1.tlog
Z:\Desktop\dev\trainning-china\plateR\Common\LProtocol\Windows\libProtocol\Debug\link.5772-rc.read.1.tlog
Z:\Desktop\dev\trainning-china\plateR\Common\LProtocol\Windows\libProtocol\Debug\link.5772-rc.write.1.tlog
Z:\Desktop\dev\trainning-china\plateR\Common\LProtocol\Windows\libProtocol\Debug\link.5772.read.1.tlog
Z:\Desktop\dev\trainning-china\plateR\Common\LProtocol\Windows\libProtocol\Debug\link.5772.write.1.tlog
Z:\Desktop\dev\trainning-china\plateR\Common\LProtocol\Windows\libProtocol\Debug\link.6060-cvtres.read.1.tlog
Z:\Desktop\dev\trainning-china\plateR\Common\LProtocol\Windows\libProtocol\Debug\link.6060-cvtres.write.1.tlog
Z:\Desktop\dev\trainning-china\plateR\Common\LProtocol\Windows\libProtocol\Debug\link.6060-rc.read.1.tlog
Z:\Desktop\dev\trainning-china\plateR\Common\LProtocol\Windows\libProtocol\Debug\link.6060-rc.write.1.tlog
Z:\Desktop\dev\trainning-china\plateR\Common\LProtocol\Windows\libProtocol\Debug\link.6060.read.1.tlog
Z:\Desktop\dev\trainning-china\plateR\Common\LProtocol\Windows\libProtocol\Debug\link.6060.write.1.tlog
Z:\Desktop\dev\trainning-china\plateR\Common\LProtocol\Windows\libProtocol\Debug\link.6128-cvtres.read.1.tlog
Z:\Desktop\dev\trainning-china\plateR\Common\LProtocol\Windows\libProtocol\Debug\link.6128-cvtres.write.1.tlog
Z:\Desktop\dev\trainning-china\plateR\Common\LProtocol\Windows\libProtocol\Debug\link.6128-rc.read.1.tlog
Z:\Desktop\dev\trainning-china\plateR\Common\LProtocol\Windows\libProtocol\Debug\link.6128-rc.write.1.tlog
Z:\Desktop\dev\trainning-china\plateR\Common\LProtocol\Windows\libProtocol\Debug\link.6128.read.1.tlog
Z:\Desktop\dev\trainning-china\plateR\Common\LProtocol\Windows\libProtocol\Debug\link.6128.write.1.tlog
Z:\Desktop\dev\trainning-china\plateR\Common\LProtocol\Windows\libProtocol\Debug\link.command.1.tlog
Z:\Desktop\dev\trainning-china\plateR\Common\LProtocol\Windows\libProtocol\Debug\link.read.1.tlog
Z:\Desktop\dev\trainning-china\plateR\Common\LProtocol\Windows\libProtocol\Debug\link.write.1.tlog
Z:\Desktop\dev\trainning-china\plateR\Common\LProtocol\Windows\libProtocol\Debug\LProtocol.write.1.tlog
Z:\Desktop\dev\trainning-china\plateR\Common\LProtocol\Windows\libProtocol\Debug\vc110.idb
Z:\Desktop\dev\trainning-china\plateR\Common\LProtocol\Windows\libProtocol\Debug\vc110.pdb
Z:\Desktop\dev\trainning-china\plateR\test\ProjectLibTest\Debug\LProtocol.pdb
Z:\Desktop\dev\trainning-china\plateR\test\ProjectLibTest\Debug\LProtocol.dll
Z:\Desktop\dev\trainning-china\plateR\test\ProjectLibTest\Debug\LProtocol.ilk
