Z:\DESKTOP\DEV\TRAINNING-CHINA\PLATER\COMMON\LPROTOCOL\WINDOWS\LIBPROTOCOL\RELEASE\MESSAGEPLATE.OBJ
Z:\DESKTOP\DEV\TRAINNING-CHINA\PLATER\COMMON\LPROTOCOL\WINDOWS\LIBPROTOCOL\RELEASE\MESSAGELOGINRESULT.OBJ
Z:\DESKTOP\DEV\TRAINNING-CHINA\PLATER\COMMON\LPROTOCOL\WINDOWS\LIBPROTOCOL\RELEASE\MESSAGELOGIN.OBJ
Z:\DESKTOP\DEV\TRAINNING-CHINA\PLATER\COMMON\LPROTOCOL\WINDOWS\LIBPROTOCOL\RELEASE\MESSAGELOGOUT.OBJ
Z:\DESKTOP\DEV\TRAINNING-CHINA\PLATER\COMMON\LPROTOCOL\WINDOWS\LIBPROTOCOL\RELEASE\MESSAGEFILE.OBJ
Z:\DESKTOP\DEV\TRAINNING-CHINA\PLATER\COMMON\LPROTOCOL\WINDOWS\LIBPROTOCOL\RELEASE\MESSAGE.OBJ
Z:\DESKTOP\DEV\TRAINNING-CHINA\PLATER\COMMON\LPROTOCOL\WINDOWS\LIBPROTOCOL\RELEASE\LPROTOCOL.OBJ
Z:\DESKTOP\DEV\TRAINNING-CHINA\PLATER\COMMON\LPROTOCOL\WINDOWS\LIBPROTOCOL\RELEASE\VC110.PDB
Z:\DESKTOP\DEV\TRAINNING-CHINA\PLATER\SERVER\RELEASE\LPROTOCOL.DLL
Z:\DESKTOP\DEV\TRAINNING-CHINA\PLATER\SERVER\RELEASE\LPROTOCOL.PDB
Z:\Desktop\dev\trainning-china\plateR\Server\Release\LProtocol.lib
Z:\Desktop\dev\trainning-china\plateR\Server\Release\LProtocol.exp
Z:\Desktop\dev\trainning-china\plateR\Common\LProtocol\Windows\libProtocol\Release\LProtocol.obj
Z:\Desktop\dev\trainning-china\plateR\Common\LProtocol\Windows\libProtocol\Release\Message.obj
Z:\Desktop\dev\trainning-china\plateR\Common\LProtocol\Windows\libProtocol\Release\MessageFile.obj
Z:\Desktop\dev\trainning-china\plateR\Common\LProtocol\Windows\libProtocol\Release\MessageLogin.obj
Z:\Desktop\dev\trainning-china\plateR\Common\LProtocol\Windows\libProtocol\Release\MessageLoginResult.obj
Z:\Desktop\dev\trainning-china\plateR\Common\LProtocol\Windows\libProtocol\Release\MessageLogOut.obj
Z:\Desktop\dev\trainning-china\plateR\Common\LProtocol\Windows\libProtocol\Release\MessagePlate.obj
Z:\Desktop\dev\trainning-china\plateR\Common\LProtocol\Windows\libProtocol\Release\cl.command.1.tlog
Z:\Desktop\dev\trainning-china\plateR\Common\LProtocol\Windows\libProtocol\Release\CL.read.1.tlog
Z:\Desktop\dev\trainning-china\plateR\Common\LProtocol\Windows\libProtocol\Release\CL.write.1.tlog
Z:\Desktop\dev\trainning-china\plateR\Common\LProtocol\Windows\libProtocol\Release\link-cvtres.read.1.tlog
Z:\Desktop\dev\trainning-china\plateR\Common\LProtocol\Windows\libProtocol\Release\link-cvtres.write.1.tlog
Z:\Desktop\dev\trainning-china\plateR\Common\LProtocol\Windows\libProtocol\Release\link-rc.read.1.tlog
Z:\Desktop\dev\trainning-china\plateR\Common\LProtocol\Windows\libProtocol\Release\link-rc.write.1.tlog
Z:\Desktop\dev\trainning-china\plateR\Common\LProtocol\Windows\libProtocol\Release\link.command.1.tlog
Z:\Desktop\dev\trainning-china\plateR\Common\LProtocol\Windows\libProtocol\Release\link.read.1.tlog
Z:\Desktop\dev\trainning-china\plateR\Common\LProtocol\Windows\libProtocol\Release\link.write.1.tlog
Z:\Desktop\dev\trainning-china\plateR\Common\LProtocol\Windows\libProtocol\Release\LProtocol.write.1.tlog
Z:\Desktop\dev\trainning-china\plateR\Common\LProtocol\Windows\libProtocol\Release\vc110.pdb
Z:\Desktop\dev\trainning-china\plateR\Server\Release\LProtocol.pdb
Z:\Desktop\dev\trainning-china\plateR\Server\Release\LProtocol.dll
